<?xml version="1.0" encoding="UTF-8"?>
<!-- Generated by org.testng.reporters.JUnitReportReporter -->
<testsuite hostname="Tejaswi" failures="0" tests="1" name="airlines.Project2.Testcase2_LoginwithcorrectCredentials" time="9.313" errors="0" timestamp="2024-09-24T14:17:50 CDT" skipped="0">
  <testcase classname="airlines.Project2.Testcase2_LoginwithcorrectCredentials" name="login" time="9.313"/>
  <system-out>
    <![CDATA[Test case is pass]]>
  </system-out>
</testsuite> <!-- airlines.Project2.Testcase2_LoginwithcorrectCredentials -->
