<?xml version="1.0" encoding="UTF-8"?>
<!-- Generated by org.testng.reporters.JUnitReportReporter -->
<testsuite hostname="Tejaswi" failures="0" tests="1" name="airlines.Project2.Testcase5_searchforRoundtrip" time="31.674" errors="0" timestamp="2024-09-24T14:17:50 CDT" skipped="0">
  <testcase classname="airlines.Project2.Testcase5_searchforRoundtrip" name="roundtrip_selection" time="31.674"/>
  <system-out>
    <![CDATA[Test case is pass]]>
  </system-out>
</testsuite> <!-- airlines.Project2.Testcase5_searchforRoundtrip -->
